c:\users\seyed\source\repos\listaenlazada con clases\listaenlazada con clases\x64\debug\vc143.pdb
c:\users\seyed\source\repos\listaenlazada con clases\listaenlazada con clases\x64\debug\vc143.idb
c:\users\seyed\source\repos\listaenlazada con clases\listaenlazada con clases\x64\debug\nodo.obj
c:\users\seyed\source\repos\listaenlazada con clases\listaenlazada con clases\x64\debug\listaenlazada con clases.obj
c:\users\seyed\source\repos\listaenlazada con clases\listaenlazada con clases\x64\debug\dato.obj
c:\users\seyed\source\repos\listaenlazada con clases\x64\debug\listaenlazada con clases.pdb
c:\users\seyed\source\repos\listaenlazada con clases\listaenlazada con clases\x64\debug\listaenl.89c6999e.tlog\cl.command.1.tlog
c:\users\seyed\source\repos\listaenlazada con clases\listaenlazada con clases\x64\debug\listaenl.89c6999e.tlog\cl.read.1.tlog
c:\users\seyed\source\repos\listaenlazada con clases\listaenlazada con clases\x64\debug\listaenl.89c6999e.tlog\cl.write.1.tlog
c:\users\seyed\source\repos\listaenlazada con clases\listaenlazada con clases\x64\debug\listaenl.89c6999e.tlog\link-cvtres.read.1.tlog
c:\users\seyed\source\repos\listaenlazada con clases\listaenlazada con clases\x64\debug\listaenl.89c6999e.tlog\link-cvtres.write.1.tlog
c:\users\seyed\source\repos\listaenlazada con clases\listaenlazada con clases\x64\debug\listaenl.89c6999e.tlog\link-rc.read.1.tlog
c:\users\seyed\source\repos\listaenlazada con clases\listaenlazada con clases\x64\debug\listaenl.89c6999e.tlog\link-rc.write.1.tlog
c:\users\seyed\source\repos\listaenlazada con clases\listaenlazada con clases\x64\debug\listaenl.89c6999e.tlog\link.command.1.tlog
c:\users\seyed\source\repos\listaenlazada con clases\listaenlazada con clases\x64\debug\listaenl.89c6999e.tlog\link.read.1.tlog
c:\users\seyed\source\repos\listaenlazada con clases\listaenlazada con clases\x64\debug\listaenl.89c6999e.tlog\link.read.2.tlog
c:\users\seyed\source\repos\listaenlazada con clases\listaenlazada con clases\x64\debug\listaenl.89c6999e.tlog\link.read.3.tlog
c:\users\seyed\source\repos\listaenlazada con clases\listaenlazada con clases\x64\debug\listaenl.89c6999e.tlog\link.read.4.tlog
c:\users\seyed\source\repos\listaenlazada con clases\listaenlazada con clases\x64\debug\listaenl.89c6999e.tlog\link.read.5.tlog
c:\users\seyed\source\repos\listaenlazada con clases\listaenlazada con clases\x64\debug\listaenl.89c6999e.tlog\link.write.1.tlog
